<?xml version="1.0" encoding="UTF-8"?>
<!-- Generated by org.testng.reporters.JUnitReportReporter -->
<testsuite hostname="LIN-3KDZ1J3" failures="0" tests="3" name="xlresource.scenario" time="15.038" errors="0" timestamp="2024-04-02T09:53:51 IST" skipped="0">
  <testcase classname="xlresource.scenario" name="scenario" time="5.493"/>
  <system-out/>
  <testcase classname="xlresource.scenario" name="scenario" time="4.611"/>
  <system-out/>
  <testcase classname="xlresource.scenario" name="scenario" time="4.934"/>
  <system-out/>
</testsuite> <!-- xlresource.scenario -->
